<?xml version="1.0" encoding="UTF-8"?>
<testsuite name="com.yattubhaa.app.net.SecureChannelTest" tests="12" skipped="0" failures="0" errors="0" timestamp="2026-09-21T22:19:58" hostname="Yashwants-MacBook-Pro.local" time="0.074">
  <properties/>
  <testcase name="hkdfMatchesRfc5869TestVector" classname="com.yattubhaa.app.net.SecureChannelTest" time="0.029"/>
  <testcase name="wrongPairingSecretNeverEstablishesEvenWithTheRightCode" classname="com.yattubhaa.app.net.SecureChannelTest" time="0.013"/>
  <testcase name="aHelperWhoMistypedTheCodeCanRetryAndConnect" classname="com.yattubhaa.app.net.SecureChannelTest" time="0.008"/>
  <testcase name="aPeerThatLeavesAndReturnsGetsACleanNewHandshake" classname="com.yattubhaa.app.net.SecureChannelTest" time="0.006"/>
  <testcase name="replayedRecordsAreDeliveredOnlyOnce" classname="com.yattubhaa.app.net.SecureChannelTest" time="0.002"/>
  <testcase name="relayCannotReadOrAlterRecords" classname="com.yattubhaa.app.net.SecureChannelTest" time="0.005"/>
  <testcase name="aHelloReflectedBackToItsSenderIsIgnored" classname="com.yattubhaa.app.net.SecureChannelTest" time="0.001"/>
  <testcase name="wrongSessionCodeNeverEstablishes" classname="com.yattubhaa.app.net.SecureChannelTest" time="0.0"/>
  <testcase name="roomIdDoesNotRevealTheSecretAndIsUrlSafe" classname="com.yattubhaa.app.net.SecureChannelTest" time="0.0"/>
  <testcase name="handshakeEstablishesAndDataFlowsBothWays" classname="com.yattubhaa.app.net.SecureChannelTest" time="0.004"/>
  <testcase name="everySessionUsesFreshKeys" classname="com.yattubhaa.app.net.SecureChannelTest" time="0.004"/>
  <testcase name="cannotSendBeforeTheChannelIsEstablished" classname="com.yattubhaa.app.net.SecureChannelTest" time="0.0"/>
  <system-out><![CDATA[]]></system-out>
  <system-err><![CDATA[]]></system-err>
</testsuite>
