<?xml version="1.0" encoding="UTF-8"?>
<testsuite name="com.yattubhaa.app.pairing.PairingLinkTest" tests="6" skipped="0" failures="0" errors="0" timestamp="2026-09-21T22:19:58" hostname="Yashwants-MacBook-Pro.local" time="0.005">
  <properties/>
  <testcase name="namesCannotUseInvisibleOrDirectionTricks" classname="com.yattubhaa.app.pairing.PairingLinkTest" time="0.001"/>
  <testcase name="onlyTlsRelaysAreAcceptedInRealBuilds" classname="com.yattubhaa.app.pairing.PairingLinkTest" time="0.0"/>
  <testcase name="rejectsASecretThatIsNotExactly32Bytes" classname="com.yattubhaa.app.pairing.PairingLinkTest" time="0.0"/>
  <testcase name="aLinkWeBuildIsOneWeCanParse" classname="com.yattubhaa.app.pairing.PairingLinkTest" time="0.002"/>
  <testcase name="rejectsMissingOrRepeatedFields" classname="com.yattubhaa.app.pairing.PairingLinkTest" time="0.0"/>
  <testcase name="rejectsRelayUrlsThatAreNotPlainHostAndPort" classname="com.yattubhaa.app.pairing.PairingLinkTest" time="0.0"/>
  <system-out><![CDATA[]]></system-out>
  <system-err><![CDATA[]]></system-err>
</testsuite>
