<?xml version="1.0" encoding="UTF-8"?>
<testsuite name="com.yattubhaa.app.service.SecureAppPolicyTest" tests="5" skipped="0" failures="0" errors="0" timestamp="2026-09-21T22:19:58" hostname="Yashwants-MacBook-Pro.local" time="0.0">
  <properties/>
  <testcase name="knownBankingAndPaymentAppsAreBlocked" classname="com.yattubhaa.app.service.SecureAppPolicyTest" time="0.0"/>
  <testcase name="anAppWeDoNotKnowIsCaughtByItsName" classname="com.yattubhaa.app.service.SecureAppPolicyTest" time="0.0"/>
  <testcase name="theShadeKeyboardAndOurOwnOverlayDoNotHideABankAppBehindThem" classname="com.yattubhaa.app.service.SecureAppPolicyTest" time="0.0"/>
  <testcase name="matchingIsCaseInsensitiveAndNullIsNotBlocked" classname="com.yattubhaa.app.service.SecureAppPolicyTest" time="0.0"/>
  <testcase name="ordinaryAppsAreNotBlocked" classname="com.yattubhaa.app.service.SecureAppPolicyTest" time="0.0"/>
  <system-out><![CDATA[]]></system-out>
  <system-err><![CDATA[]]></system-err>
</testsuite>
