<?xml version="1.0" encoding="UTF-8"?>
<testsuite name="com.yattubhaa.app.service.RemoteInputTest" tests="8" skipped="0" failures="0" errors="0" timestamp="2026-09-21T22:19:58" hostname="Yashwants-MacBook-Pro.local" time="0.005">
  <properties/>
  <testcase name="anOldServiceCannotDetachANewerOne" classname="com.yattubhaa.app.service.RemoteInputTest" time="0.002"/>
  <testcase name="anOrdinaryAppGetsTapsSwipesAndLongPresses" classname="com.yattubhaa.app.service.RemoteInputTest" time="0.002"/>
  <testcase name="nothingHappensUntilTheAccessibilityServiceIsConnected" classname="com.yattubhaa.app.service.RemoteInputTest" time="0.0"/>
  <testcase name="aBankAppHidingBehindAnotherWindowIsStillCaught" classname="com.yattubhaa.app.service.RemoteInputTest" time="0.0"/>
  <testcase name="switchingTheServiceOffMakesItUnavailableAgain" classname="com.yattubhaa.app.service.RemoteInputTest" time="0.001"/>
  <testcase name="aFailedGestureIsReportedAsFailed" classname="com.yattubhaa.app.service.RemoteInputTest" time="0.0"/>
  <testcase name="ifItCannotTellWhichAppsAreOpenItRefusesToTapButStillAllowsGoingHome" classname="com.yattubhaa.app.service.RemoteInputTest" time="0.0"/>
  <testcase name="aBankingAppBlocksTapsAndSwipesButNotGettingOut" classname="com.yattubhaa.app.service.RemoteInputTest" time="0.0"/>
  <system-out><![CDATA[]]></system-out>
  <system-err><![CDATA[]]></system-err>
</testsuite>
